# JRE version: OpenJDK Runtime Environment (11.0.10) (build 11.0.10+0-b96-7249189)
# Java VM: OpenJDK 64-Bit Server VM (11.0.10+0-b96-7249189, mixed mode, tiered, compressed oops, g1 gc, windows-amd64)
Heap:
 garbage-first heap   total 873472K, used 299842K [0x0000000080000000, 0x0000000100000000)
  region size 1024K, 3 young (3072K), 3 survivors (3072K)
 Metaspace       used 162486K, capacity 167810K, committed 168140K, reserved 1196032K
  class space    used 20173K, capacity 22168K, committed 22272K, reserved 1048576K
GC Heap History (20 events):
Event: 6628.623 GC heap after
{Heap after GC invocations=113 (full 0):
 garbage-first heap   total 402432K, used 212348K [0x0000000080000000, 0x0000000100000000)
  region size 1024K, 5 young (5120K), 5 survivors (5120K)
 Metaspace       used 161498K, capacity 166775K, committed 166988K, reserved 1193984K
  class space    used 20100K, capacity 22065K, committed 22144K, reserved 1048576K
}
Event: 6629.464 GC heap before
{Heap before GC invocations=113 (full 0):
 garbage-first heap   total 402432K, used 259452K [0x0000000080000000, 0x0000000100000000)
  region size 1024K, 43 young (44032K), 5 survivors (5120K)
 Metaspace       used 161537K, capacity 166840K, committed 166988K, reserved 1193984K
  class space    used 20100K, capacity 22065K, committed 22144K, reserved 1048576K
}
Event: 6629.509 GC heap after
{Heap after GC invocations=114 (full 0):
 garbage-first heap   total 402432K, used 216298K [0x0000000080000000, 0x0000000100000000)
  region size 1024K, 4 young (4096K), 4 survivors (4096K)
 Metaspace       used 161537K, capacity 166840K, committed 166988K, reserved 1193984K
  class space    used 20100K, capacity 22065K, committed 22144K, reserved 1048576K
}
Event: 6629.656 GC heap before
{Heap before GC invocations=114 (full 0):
 garbage-first heap   total 402432K, used 236778K [0x0000000080000000, 0x0000000100000000)
  region size 1024K, 24 young (24576K), 4 survivors (4096K)
 Metaspace       used 161540K, capacity 166840K, committed 166988K, reserved 1193984K
  class space    used 20100K, capacity 22065K, committed 22144K, reserved 1048576K
}
Event: 6629.665 GC heap after
{Heap after GC invocations=115 (full 0):
 garbage-first heap   total 402432K, used 216989K [0x0000000080000000, 0x0000000100000000)
  region size 1024K, 1 young (1024K), 1 survivors (1024K)
 Metaspace       used 161540K, capacity 166840K, committed 166988K, reserved 1193984K
  class space    used 20100K, capacity 22065K, committed 22144K, reserved 1048576K
}
Event: 6630.058 GC heap before
{Heap before GC invocations=115 (full 0):
 garbage-first heap   total 402432K, used 269213K [0x0000000080000000, 0x0000000100000000)
  region size 1024K, 37 young (37888K), 1 survivors (1024K)
 Metaspace       used 161576K, capacity 166840K, committed 166988K, reserved 1193984K
  class space    used 20100K, capacity 22065K, committed 22144K, reserved 1048576K
}
Event: 6630.065 GC heap after
{Heap after GC invocations=116 (full 0):
 garbage-first heap   total 402432K, used 217348K [0x0000000080000000, 0x0000000100000000)
  region size 1024K, 1 young (1024K), 1 survivors (1024K)
 Metaspace       used 161576K, capacity 166840K, committed 166988K, reserved 1193984K
  class space    used 20100K, capacity 22065K, committed 22144K, reserved 1048576K
}
Event: 6630.833 GC heap before
{Heap before GC invocations=116 (full 0):
 garbage-first heap   total 402432K, used 258308K [0x0000000080000000, 0x0000000100000000)
  region size 1024K, 42 young (43008K), 1 survivors (1024K)
 Metaspace       used 161599K, capacity 166906K, committed 166988K, reserved 1193984K
  class space    used 20100K, capacity 22065K, committed 22144K, reserved 1048576K
}
Event: 6630.860 GC heap after
{Heap after GC invocations=117 (full 0):
 garbage-first heap   total 402432K, used 221420K [0x0000000080000000, 0x0000000100000000)
  region size 1024K, 5 young (5120K), 5 survivors (5120K)
 Metaspace       used 161599K, capacity 166906K, committed 166988K, reserved 1193984K
  class space    used 20100K, capacity 22065K, committed 22144K, reserved 1048576K
}
Event: 6631.678 GC heap before
{Heap before GC invocations=117 (full 0):
 garbage-first heap   total 402432K, used 265452K [0x0000000080000000, 0x0000000100000000)
  region size 1024K, 49 young (50176K), 5 survivors (5120K)
 Metaspace       used 161687K, capacity 166970K, committed 167244K, reserved 1193984K
  class space    used 20101K, capacity 22065K, committed 22144K, reserved 1048576K
}
Event: 6631.689 GC heap after
{Heap after GC invocations=118 (full 0):
 garbage-first heap   total 402432K, used 218156K [0x0000000080000000, 0x0000000100000000)
  region size 1024K, 1 young (1024K), 1 survivors (1024K)
 Metaspace       used 161687K, capacity 166970K, committed 167244K, reserved 1193984K
  class space    used 20101K, capacity 22065K, committed 22144K, reserved 1048576K
}
Event: 6634.813 GC heap before
{Heap before GC invocations=118 (full 0):
 garbage-first heap   total 402432K, used 301100K [0x0000000080000000, 0x0000000100000000)
  region size 1024K, 59 young (60416K), 1 survivors (1024K)
 Metaspace       used 162472K, capacity 167806K, committed 168140K, reserved 1196032K
  class space    used 20173K, capacity 22168K, committed 22272K, reserved 1048576K
}
Event: 6634.890 GC heap after
{Heap after GC invocations=119 (full 0):
 garbage-first heap   total 402432K, used 241454K [0x0000000080000000, 0x0000000100000000)
  region size 1024K, 8 young (8192K), 8 survivors (8192K)
 Metaspace       used 162472K, capacity 167806K, committed 168140K, reserved 1196032K
  class space    used 20173K, capacity 22168K, committed 22272K, reserved 1048576K
}
Event: 6635.285 GC heap before
{Heap before GC invocations=119 (full 0):
 garbage-first heap   total 402432K, used 301870K [0x0000000080000000, 0x0000000100000000)
  region size 1024K, 67 young (68608K), 8 survivors (8192K)
 Metaspace       used 162475K, capacity 167806K, committed 168140K, reserved 1196032K
  class space    used 20173K, capacity 22168K, committed 22272K, reserved 1048576K
}
Event: 6635.705 GC heap after
{Heap after GC invocations=120 (full 0):
 garbage-first heap   total 402432K, used 270065K [0x0000000080000000, 0x0000000100000000)
  region size 1024K, 9 young (9216K), 9 survivors (9216K)
 Metaspace       used 162475K, capacity 167806K, committed 168140K, reserved 1196032K
  class space    used 20173K, capacity 22168K, committed 22272K, reserved 1048576K
}
Event: 6636.010 GC heap before
{Heap before GC invocations=120 (full 0):
 garbage-first heap   total 402432K, used 306929K [0x0000000080000000, 0x0000000100000000)
  region size 1024K, 46 young (47104K), 9 survivors (9216K)
 Metaspace       used 162475K, capacity 167806K, committed 168140K, reserved 1196032K
  class space    used 20173K, capacity 22168K, committed 22272K, reserved 1048576K
}
Event: 6636.313 GC heap after
{Heap after GC invocations=121 (full 0):
 garbage-first heap   total 402432K, used 290304K [0x0000000080000000, 0x0000000100000000)
  region size 1024K, 6 young (6144K), 6 survivors (6144K)
 Metaspace       used 162475K, capacity 167806K, committed 168140K, reserved 1196032K
  class space    used 20173K, capacity 22168K, committed 22272K, reserved 1048576K
}
Event: 6636.476 GC heap before
{Heap before GC invocations=121 (full 0):
 garbage-first heap   total 402432K, used 303616K [0x0000000080000000, 0x0000000100000000)
  region size 1024K, 19 young (19456K), 6 survivors (6144K)
 Metaspace       used 162476K, capacity 167806K, committed 168140K, reserved 1196032K
  class space    used 20173K, capacity 22168K, committed 22272K, reserved 1048576K
}
Event: 6636.527 GC heap after
{Heap after GC invocations=122 (full 0):
 garbage-first heap   total 402432K, used 296448K [0x0000000080000000, 0x0000000100000000)
  region size 1024K, 3 young (3072K), 3 survivors (3072K)
 Metaspace       used 162476K, capacity 167806K, committed 168140K, reserved 1196032K
  class space    used 20173K, capacity 22168K, committed 22272K, reserved 1048576K
}
Event: 6636.735 GC heap before
{Heap before GC invocations=122 (full 0):
 garbage-first heap   total 402432K, used 312832K [0x0000000080000000, 0x0000000100000000)
  region size 1024K, 19 young (19456K), 3 survivors (3072K)
 Metaspace       used 162486K, capacity 167810K, committed 168140K, reserved 1196032K
  class space    used 20173K, capacity 22168K, committed 22272K, reserved 1048576K
}

